_vendor/Demo/vendor-samples/android/UHFDemo V3.69/app/build/intermediates/manifest_merge_blame_file/release/manifest-merger-blame-release-report.txt
1<?xml version="1.0" encoding="utf-8"?>
2<manifest xmlns:android="http://schemas.android.com/apk/res/android"
3    package="com.uhf288.scanlable"
4    android:versionCode="1"
5    android:versionName="1.0" >
6
7    <uses-sdk
7-->src\main\AndroidManifest.xml:7:5-9:41
8        android:minSdkVersion="8"
8-->src\main\AndroidManifest.xml:8:9-34
9        android:targetSdkVersion="28" />
9-->src\main\AndroidManifest.xml:9:9-38
10
11    <uses-permission android:name="android.permission.WRITE_EXTERNAL_STORAGE" >
11-->src\main\AndroidManifest.xml:11:5-12:23
11-->src\main\AndroidManifest.xml:11:22-78
12    </uses-permission>
13    <uses-permission android:name="android.permission.READ_EXTERNAL_STORAGE" >
13-->src\main\AndroidManifest.xml:13:5-14:23
13-->src\main\AndroidManifest.xml:13:22-77
14    </uses-permission>
15    <uses-permission android:name="android.permission.MOUNT_UNMOUNT_FILESYSTEMS" >
15-->src\main\AndroidManifest.xml:15:5-16:23
15-->src\main\AndroidManifest.xml:15:22-81
16    </uses-permission>
17    <uses-permission android:name="android.permission.ACCESS_FINE_LOCATION" />
17-->src\main\AndroidManifest.xml:17:5-79
17-->src\main\AndroidManifest.xml:17:22-76
18    <uses-permission android:name="android.permission.ACCESS_COARSE_LOCATION" />
18-->src\main\AndroidManifest.xml:18:5-81
18-->src\main\AndroidManifest.xml:18:22-78
19
20    <!-- 允许应用程序改变网络状态 -->
21    <uses-permission android:name="android.permission.CHANGE_NETWORK_STATE" />
21-->src\main\AndroidManifest.xml:21:5-79
21-->src\main\AndroidManifest.xml:21:22-76
22
23    <!-- 允许应用程序改变WIFI连接状态 -->
24    <uses-permission android:name="android.permission.CHANGE_WIFI_STATE" />
24-->src\main\AndroidManifest.xml:24:5-76
24-->src\main\AndroidManifest.xml:24:22-73
25
26    <!-- 允许应用程序访问有关的网络信息 -->
27    <uses-permission android:name="android.permission.ACCESS_NETWORK_STATE" />
27-->src\main\AndroidManifest.xml:27:5-79
27-->src\main\AndroidManifest.xml:27:22-76
28
29    <!-- 允许应用程序访问WIFI网卡的网络信息 -->
30    <uses-permission android:name="android.permission.ACCESS_WIFI_STATE" />
30-->src\main\AndroidManifest.xml:30:5-76
30-->src\main\AndroidManifest.xml:30:22-73
31
32    <!-- 允许应用程序完全使用网络 -->
33    <uses-permission android:name="android.permission.INTERNET" />
33-->src\main\AndroidManifest.xml:33:5-67
33-->src\main\AndroidManifest.xml:33:22-64
34
35    <application
35-->src\main\AndroidManifest.xml:35:5-79:19
36        android:allowBackup="true"
36-->src\main\AndroidManifest.xml:36:9-35
37        android:icon="@drawable/ic_launcher"
37-->src\main\AndroidManifest.xml:37:9-45
38        android:label="@string/app_name"
38-->src\main\AndroidManifest.xml:38:9-41
39        android:theme="@style/AppTheme" >
39-->src\main\AndroidManifest.xml:39:9-40
40        <activity
40-->src\main\AndroidManifest.xml:40:9-49:20
41            android:name="com.uhf288.scanlable.SelectActivity"
41-->src\main\AndroidManifest.xml:41:13-63
42            android:label="@string/app_name"
42-->src\main\AndroidManifest.xml:42:13-45
43            android:windowSoftInputMode="adjustPan" >
43-->src\main\AndroidManifest.xml:43:13-52
44            <intent-filter>
44-->src\main\AndroidManifest.xml:44:13-48:29
45                <action android:name="android.intent.action.MAIN" />
45-->src\main\AndroidManifest.xml:45:17-69
45-->src\main\AndroidManifest.xml:45:25-66
46
47                <category android:name="android.intent.category.LAUNCHER" />
47-->src\main\AndroidManifest.xml:47:17-77
47-->src\main\AndroidManifest.xml:47:27-74
48            </intent-filter>
49        </activity>
50        <activity android:name="com.uhf288.scanlable.MainActivity" >
50-->src\main\AndroidManifest.xml:50:9-51:20
50-->src\main\AndroidManifest.xml:50:19-67
51        </activity>
52        <activity android:name="com.uhf288.scanlable.ScanView" >
52-->src\main\AndroidManifest.xml:52:9-53:20
52-->src\main\AndroidManifest.xml:52:19-63
53        </activity>
54        <activity android:name="com.uhf288.scanlable.ScanMode" >
54-->src\main\AndroidManifest.xml:54:9-55:20
54-->src\main\AndroidManifest.xml:54:19-63
55        </activity>
56        <activity android:name="com.uhf288.scanlable.ScanModeGroup" >
56-->src\main\AndroidManifest.xml:56:9-57:20
56-->src\main\AndroidManifest.xml:56:19-68
57        </activity>
58        <activity
58-->src\main\AndroidManifest.xml:58:9-61:20
59            android:name="com.uhf288.scanlable.ReadWriteActivity"
59-->src\main\AndroidManifest.xml:59:13-66
60            android:windowSoftInputMode="stateHidden|stateUnchanged" >
60-->src\main\AndroidManifest.xml:60:13-69
61        </activity>
62        <activity
62-->src\main\AndroidManifest.xml:62:9-65:20
63            android:name="com.uhf288.scanlable.Connect232"
63-->src\main\AndroidManifest.xml:63:13-59
64            android:label="@string/title_activity_connect232" >
64-->src\main\AndroidManifest.xml:64:13-62
65        </activity>
66        <activity
66-->src\main\AndroidManifest.xml:66:9-70:20
67            android:name="com.uhf288.scanlable.ConnectTcp"
67-->src\main\AndroidManifest.xml:67:13-59
68            android:label="@string/title_activity_connect_tcp"
68-->src\main\AndroidManifest.xml:68:13-63
69            android:windowSoftInputMode="stateHidden|stateUnchanged" >
69-->src\main\AndroidManifest.xml:69:13-69
70        </activity>
71        <activity
71-->src\main\AndroidManifest.xml:71:9-74:20
72            android:name="com.uhf288.scanlable.IvtParamActivity"
72-->src\main\AndroidManifest.xml:72:13-65
73            android:label="@string/title_activity_ivt_param" >
73-->src\main\AndroidManifest.xml:73:13-61
74        </activity>
75        <activity
75-->src\main\AndroidManifest.xml:75:9-78:20
76            android:name="com.uhf288.scanlable.UdmActivity"
76-->src\main\AndroidManifest.xml:76:13-60
77            android:label="@string/title_activity_udm" >
77-->src\main\AndroidManifest.xml:77:13-55
78        </activity>
79    </application>
80
81</manifest>